<?xml version="1.0" encoding="UTF-8"?>
<!-- Generated by org.testng.reporters.JUnitXMLReporter -->
<testsuite ignored="0" hostname="Pixel" failures="0" tests="4" name="Men" time="22.352" errors="0" timestamp="2025-02-21T19:48:17 CET">
  <testcase classname="com.runnerclass.MenHoodiesRunnerClass" name="loginPage" time="4.496"/>
  <testcase classname="com.runnerclass.MenHoodiesRunnerClass" name="searchProductPage" time="5.671"/>
  <testcase classname="com.runnerclass.MenHoodiesRunnerClass" name="shippingPage" time="1.868"/>
  <testcase classname="com.runnerclass.MenHoodiesRunnerClass" name="checkoutPage" time="5.079"/>
</testsuite> <!-- Men -->
